{"E:\\meshARKade_dev\\hbd\\src\\cli-handlers.ts": {"path":"E:\\meshARKade_dev\\hbd\\src\\cli-handlers.ts","statementMap":{"0":{"start":{"line":12,"column":2},"end":{"line":17,"column":null}},"1":{"start":{"line":13,"column":4},"end":{"line":13,"column":null}},"2":{"start":{"line":14,"column":4},"end":{"line":14,"column":null}},"3":{"start":{"line":15,"column":4},"end":{"line":15,"column":null}},"4":{"start":{"line":17,"column":4},"end":{"line":17,"column":null}},"5":{"start":{"line":25,"column":2},"end":{"line":25,"column":null}},"6":{"start":{"line":26,"column":58},"end":{"line":26,"column":60}},"7":{"start":{"line":27,"column":2},"end":{"line":28,"column":null}},"8":{"start":{"line":28,"column":4},"end":{"line":28,"column":null}},"9":{"start":{"line":30,"column":2},"end":{"line":30,"column":null}},"10":{"start":{"line":37,"column":2},"end":{"line":37,"column":null}},"11":{"start":{"line":38,"column":29},"end":{"line":38,"column":31}},"12":{"start":{"line":39,"column":2},"end":{"line":42,"column":null}},"13":{"start":{"line":40,"column":17},"end":{"line":40,"column":null}},"14":{"start":{"line":41,"column":4},"end":{"line":42,"column":null}},"15":{"start":{"line":42,"column":6},"end":{"line":42,"column":null}},"16":{"start":{"line":45,"column":2},"end":{"line":45,"column":null}},"17":{"start":{"line":52,"column":2},"end":{"line":52,"column":null}},"18":{"start":{"line":53,"column":2},"end":{"line":53,"column":null}},"19":{"start":{"line":60,"column":2},"end":{"line":60,"column":null}},"20":{"start":{"line":61,"column":2},"end":{"line":64,"column":null}}},"fnMap":{"0":{"name":"handleAdd","decl":{"start":{"line":11,"column":22},"end":{"line":11,"column":32}},"loc":{"start":{"line":11,"column":100},"end":{"line":17,"column":null}},"line":11},"1":{"name":"handleScan","decl":{"start":{"line":24,"column":22},"end":{"line":24,"column":33}},"loc":{"start":{"line":24,"column":104},"end":{"line":30,"column":null}},"line":24},"2":{"name":"handleList","decl":{"start":{"line":36,"column":22},"end":{"line":36,"column":33}},"loc":{"start":{"line":36,"column":91},"end":{"line":45,"column":null}},"line":36},"3":{"name":"handleInfo","decl":{"start":{"line":51,"column":22},"end":{"line":51,"column":33}},"loc":{"start":{"line":51,"column":93},"end":{"line":53,"column":null}},"line":51},"4":{"name":"handleSync","decl":{"start":{"line":59,"column":22},"end":{"line":59,"column":33}},"loc":{"start":{"line":59,"column":102},"end":{"line":64,"column":null}},"line":59}},"branchMap":{"0":{"loc":{"start":{"line":41,"column":4},"end":{"line":42,"column":null}},"type":"if","locations":[{"start":{"line":41,"column":4},"end":{"line":42,"column":null}},{"start":{},"end":{}}],"line":41}},"s":{"0":2,"1":2,"2":2,"3":2,"4":0,"5":1,"6":1,"7":1,"8":4,"9":1,"10":1,"11":1,"12":1,"13":6,"14":6,"15":2,"16":1,"17":2,"18":2,"19":1,"20":1},"f":{"0":2,"1":1,"2":1,"3":2,"4":1},"b":{"0":[2,4]},"meta":{"lastBranch":1,"lastFunction":5,"lastStatement":21,"seen":{"f:11:22:11:32":0,"s:12:2:17:Infinity":0,"s:13:4:13:Infinity":1,"s:14:4:14:Infinity":2,"s:15:4:15:Infinity":3,"s:17:4:17:Infinity":4,"f:24:22:24:33":1,"s:25:2:25:Infinity":5,"s:26:58:26:60":6,"s:27:2:28:Infinity":7,"s:28:4:28:Infinity":8,"s:30:2:30:Infinity":9,"f:36:22:36:33":2,"s:37:2:37:Infinity":10,"s:38:29:38:31":11,"s:39:2:42:Infinity":12,"s:40:17:40:Infinity":13,"b:41:4:42:Infinity:undefined:undefined:undefined:undefined":0,"s:41:4:42:Infinity":14,"s:42:6:42:Infinity":15,"s:45:2:45:Infinity":16,"f:51:22:51:33":3,"s:52:2:52:Infinity":17,"s:53:2:53:Infinity":18,"f:59:22:59:33":4,"s:60:2:60:Infinity":19,"s:61:2:64:Infinity":20}}}
,"E:\\meshARKade_dev\\hbd\\src\\hello.ts": {"path":"E:\\meshARKade_dev\\hbd\\src\\hello.ts","statementMap":{"0":{"start":{"line":12,"column":3},"end":{"line":12,"column":null}},"1":{"start":{"line":20,"column":3},"end":{"line":20,"column":null}}},"fnMap":{"0":{"name":"greet","decl":{"start":{"line":11,"column":17},"end":{"line":11,"column":23}},"loc":{"start":{"line":11,"column":55},"end":{"line":12,"column":null}},"line":11},"1":{"name":"getVersion","decl":{"start":{"line":19,"column":17},"end":{"line":19,"column":38}},"loc":{"start":{"line":19,"column":38},"end":{"line":20,"column":null}},"line":19}},"branchMap":{"0":{"loc":{"start":{"line":11,"column":23},"end":{"line":11,"column":55}},"type":"default-arg","locations":[{"start":{"line":11,"column":38},"end":{"line":11,"column":55}}],"line":11}},"s":{"0":6,"1":1},"f":{"0":6,"1":1},"b":{"0":[6]},"meta":{"lastBranch":1,"lastFunction":2,"lastStatement":2,"seen":{"f:11:17:11:23":0,"b:11:38:11:55":0,"s:12:3:12:Infinity":0,"f:19:17:19:38":1,"s:20:3:20:Infinity":1}}}
,"E:\\meshARKade_dev\\hbd\\src\\identity\\bip39.ts": {"path":"E:\\meshARKade_dev\\hbd\\src\\identity\\bip39.ts","statementMap":{"0":{"start":{"line":15,"column":2},"end":{"line":15,"column":null}},"1":{"start":{"line":24,"column":2},"end":{"line":24,"column":null}},"2":{"start":{"line":33,"column":2},"end":{"line":33,"column":null}},"3":{"start":{"line":56,"column":8},"end":{"line":56,"column":43}},"4":{"start":{"line":60,"column":8},"end":{"line":60,"column":35}},"5":{"start":{"line":61,"column":2},"end":{"line":61,"column":null}},"6":{"start":{"line":62,"column":2},"end":{"line":62,"column":null}},"7":{"start":{"line":63,"column":18},"end":{"line":63,"column":31}},"8":{"start":{"line":67,"column":21},"end":{"line":67,"column":41}},"9":{"start":{"line":71,"column":20},"end":{"line":71,"column":58}},"10":{"start":{"line":73,"column":2},"end":{"line":73,"column":null}},"11":{"start":{"line":84,"column":8},"end":{"line":84,"column":35}},"12":{"start":{"line":85,"column":2},"end":{"line":85,"column":null}},"13":{"start":{"line":86,"column":2},"end":{"line":86,"column":null}}},"fnMap":{"0":{"name":"generateMnemonic","decl":{"start":{"line":14,"column":16},"end":{"line":14,"column":33}},"loc":{"start":{"line":14,"column":68},"end":{"line":15,"column":null}},"line":14},"1":{"name":"validateMnemonic","decl":{"start":{"line":23,"column":16},"end":{"line":23,"column":33}},"loc":{"start":{"line":23,"column":60},"end":{"line":24,"column":null}},"line":23},"2":{"name":"mnemonicToSeed","decl":{"start":{"line":32,"column":16},"end":{"line":32,"column":31}},"loc":{"start":{"line":32,"column":57},"end":{"line":33,"column":null}},"line":32},"3":{"name":"deriveKeyPair","decl":{"start":{"line":54,"column":16},"end":{"line":54,"column":30}},"loc":{"start":{"line":54,"column":57},"end":{"line":73,"column":null}},"line":54},"4":{"name":"derivePublicKeyFromPrivate","decl":{"start":{"line":81,"column":9},"end":{"line":81,"column":36}},"loc":{"start":{"line":81,"column":64},"end":{"line":86,"column":null}},"line":81}},"branchMap":{"0":{"loc":{"start":{"line":14,"column":33},"end":{"line":14,"column":68}},"type":"default-arg","locations":[{"start":{"line":14,"column":55},"end":{"line":14,"column":68}}],"line":14}},"s":{"0":7,"1":2,"2":1,"3":10,"4":10,"5":10,"6":10,"7":10,"8":10,"9":10,"10":10,"11":10,"12":10,"13":10},"f":{"0":7,"1":2,"2":1,"3":10,"4":10},"b":{"0":[7]},"meta":{"lastBranch":1,"lastFunction":5,"lastStatement":14,"seen":{"f:14:16:14:33":0,"b:14:55:14:68":0,"s:15:2:15:Infinity":0,"f:23:16:23:33":1,"s:24:2:24:Infinity":1,"f:32:16:32:31":2,"s:33:2:33:Infinity":2,"f:54:16:54:30":3,"s:56:8:56:43":3,"s:60:8:60:35":4,"s:61:2:61:Infinity":5,"s:62:2:62:Infinity":6,"s:63:18:63:31":7,"s:67:21:67:41":8,"s:71:20:71:58":9,"s:73:2:73:Infinity":10,"f:81:9:81:36":4,"s:84:8:84:35":11,"s:85:2:85:Infinity":12,"s:86:2:86:Infinity":13}}}
,"E:\\meshARKade_dev\\hbd\\src\\identity\\github.ts": {"path":"E:\\meshARKade_dev\\hbd\\src\\identity\\github.ts","statementMap":{"0":{"start":{"line":34,"column":2},"end":{"line":38,"column":null}},"1":{"start":{"line":42,"column":14},"end":{"line":42,"column":42}},"2":{"start":{"line":43,"column":2},"end":{"line":44,"column":null}},"3":{"start":{"line":44,"column":4},"end":{"line":44,"column":null}},"4":{"start":{"line":47,"column":19},"end":{"line":51,"column":4}},"5":{"start":{"line":53,"column":2},"end":{"line":54,"column":null}},"6":{"start":{"line":54,"column":4},"end":{"line":54,"column":null}},"7":{"start":{"line":57,"column":2},"end":{"line":57,"column":null}},"8":{"start":{"line":61,"column":14},"end":{"line":61,"column":42}},"9":{"start":{"line":62,"column":2},"end":{"line":63,"column":null}},"10":{"start":{"line":63,"column":4},"end":{"line":63,"column":null}},"11":{"start":{"line":66,"column":19},"end":{"line":75,"column":4}},"12":{"start":{"line":77,"column":2},"end":{"line":78,"column":null}},"13":{"start":{"line":78,"column":4},"end":{"line":78,"column":null}},"14":{"start":{"line":81,"column":17},"end":{"line":81,"column":38}},"15":{"start":{"line":83,"column":2},"end":{"line":84,"column":null}},"16":{"start":{"line":84,"column":4},"end":{"line":84,"column":null}},"17":{"start":{"line":87,"column":2},"end":{"line":87,"column":null}},"18":{"start":{"line":91,"column":14},"end":{"line":91,"column":42}},"19":{"start":{"line":92,"column":19},"end":{"line":94,"column":4}},"20":{"start":{"line":96,"column":2},"end":{"line":97,"column":null}},"21":{"start":{"line":97,"column":4},"end":{"line":97,"column":null}},"22":{"start":{"line":100,"column":2},"end":{"line":100,"column":null}}},"fnMap":{"0":{"name":"loadGitHubConfig","decl":{"start":{"line":33,"column":16},"end":{"line":33,"column":49}},"loc":{"start":{"line":33,"column":49},"end":{"line":38,"column":null}},"line":33},"1":{"name":"startDeviceFlow","decl":{"start":{"line":41,"column":22},"end":{"line":41,"column":38}},"loc":{"start":{"line":41,"column":90},"end":{"line":57,"column":null}},"line":41},"2":{"name":"pollForToken","decl":{"start":{"line":60,"column":22},"end":{"line":60,"column":35}},"loc":{"start":{"line":60,"column":102},"end":{"line":87,"column":null}},"line":60},"3":{"name":"fetchGitHubUser","decl":{"start":{"line":90,"column":22},"end":{"line":90,"column":38}},"loc":{"start":{"line":90,"column":103},"end":{"line":100,"column":null}},"line":90}},"branchMap":{"0":{"loc":{"start":{"line":35,"column":14},"end":{"line":35,"column":null}},"type":"binary-expr","locations":[{"start":{"line":35,"column":14},"end":{"line":35,"column":50}},{"start":{"line":35,"column":50},"end":{"line":35,"column":null}}],"line":35},"1":{"loc":{"start":{"line":37,"column":12},"end":{"line":37,"column":null}},"type":"binary-expr","locations":[{"start":{"line":37,"column":12},"end":{"line":37,"column":46}},{"start":{"line":37,"column":46},"end":{"line":37,"column":null}}],"line":37},"2":{"loc":{"start":{"line":42,"column":14},"end":{"line":42,"column":42}},"type":"binary-expr","locations":[{"start":{"line":42,"column":14},"end":{"line":42,"column":24}},{"start":{"line":42,"column":24},"end":{"line":42,"column":42}}],"line":42},"3":{"loc":{"start":{"line":43,"column":2},"end":{"line":44,"column":null}},"type":"if","locations":[{"start":{"line":43,"column":2},"end":{"line":44,"column":null}},{"start":{},"end":{}}],"line":43},"4":{"loc":{"start":{"line":53,"column":2},"end":{"line":54,"column":null}},"type":"if","locations":[{"start":{"line":53,"column":2},"end":{"line":54,"column":null}},{"start":{},"end":{}}],"line":53},"5":{"loc":{"start":{"line":61,"column":14},"end":{"line":61,"column":42}},"type":"binary-expr","locations":[{"start":{"line":61,"column":14},"end":{"line":61,"column":24}},{"start":{"line":61,"column":24},"end":{"line":61,"column":42}}],"line":61},"6":{"loc":{"start":{"line":62,"column":2},"end":{"line":63,"column":null}},"type":"if","locations":[{"start":{"line":62,"column":2},"end":{"line":63,"column":null}},{"start":{},"end":{}}],"line":62},"7":{"loc":{"start":{"line":77,"column":2},"end":{"line":78,"column":null}},"type":"if","locations":[{"start":{"line":77,"column":2},"end":{"line":78,"column":null}},{"start":{},"end":{}}],"line":77},"8":{"loc":{"start":{"line":83,"column":2},"end":{"line":84,"column":null}},"type":"if","locations":[{"start":{"line":83,"column":2},"end":{"line":84,"column":null}},{"start":{},"end":{}}],"line":83},"9":{"loc":{"start":{"line":91,"column":14},"end":{"line":91,"column":42}},"type":"binary-expr","locations":[{"start":{"line":91,"column":14},"end":{"line":91,"column":24}},{"start":{"line":91,"column":24},"end":{"line":91,"column":42}}],"line":91},"10":{"loc":{"start":{"line":96,"column":2},"end":{"line":97,"column":null}},"type":"if","locations":[{"start":{"line":96,"column":2},"end":{"line":97,"column":null}},{"start":{},"end":{}}],"line":96}},"s":{"0":10,"1":3,"2":3,"3":1,"4":2,"5":2,"6":1,"7":1,"8":4,"9":4,"10":1,"11":3,"12":3,"13":1,"14":2,"15":2,"16":1,"17":1,"18":2,"19":2,"20":2,"21":1,"22":1},"f":{"0":10,"1":3,"2":4,"3":2},"b":{"0":[10,2],"1":[10,10],"2":[3,3],"3":[1,2],"4":[1,1],"5":[4,4],"6":[1,3],"7":[1,2],"8":[1,1],"9":[2,2],"10":[1,1]},"meta":{"lastBranch":11,"lastFunction":4,"lastStatement":23,"seen":{"f:33:16:33:49":0,"s:34:2:38:Infinity":0,"b:35:14:35:50:35:50:35:Infinity":0,"b:37:12:37:46:37:46:37:Infinity":1,"f:41:22:41:38":1,"s:42:14:42:42":1,"b:42:14:42:24:42:24:42:42":2,"b:43:2:44:Infinity:undefined:undefined:undefined:undefined":3,"s:43:2:44:Infinity":2,"s:44:4:44:Infinity":3,"s:47:19:51:4":4,"b:53:2:54:Infinity:undefined:undefined:undefined:undefined":4,"s:53:2:54:Infinity":5,"s:54:4:54:Infinity":6,"s:57:2:57:Infinity":7,"f:60:22:60:35":2,"s:61:14:61:42":8,"b:61:14:61:24:61:24:61:42":5,"b:62:2:63:Infinity:undefined:undefined:undefined:undefined":6,"s:62:2:63:Infinity":9,"s:63:4:63:Infinity":10,"s:66:19:75:4":11,"b:77:2:78:Infinity:undefined:undefined:undefined:undefined":7,"s:77:2:78:Infinity":12,"s:78:4:78:Infinity":13,"s:81:17:81:38":14,"b:83:2:84:Infinity:undefined:undefined:undefined:undefined":8,"s:83:2:84:Infinity":15,"s:84:4:84:Infinity":16,"s:87:2:87:Infinity":17,"f:90:22:90:38":3,"s:91:14:91:42":18,"b:91:14:91:24:91:24:91:42":9,"s:92:19:94:4":19,"b:96:2:97:Infinity:undefined:undefined:undefined:undefined":10,"s:96:2:97:Infinity":20,"s:97:4:97:Infinity":21,"s:100:2:100:Infinity":22}}}
,"E:\\meshARKade_dev\\hbd\\src\\p2p\\sync.ts": {"path":"E:\\meshARKade_dev\\hbd\\src\\p2p\\sync.ts","statementMap":{"0":{"start":{"line":22,"column":37},"end":{"line":22,"column":null}},"1":{"start":{"line":23,"column":31},"end":{"line":23,"column":null}},"2":{"start":{"line":25,"column":50},"end":{"line":25,"column":59}},"3":{"start":{"line":26,"column":40},"end":{"line":26,"column":null}},"4":{"start":{"line":27,"column":33},"end":{"line":27,"column":null}},"5":{"start":{"line":30,"column":4},"end":{"line":30,"column":null}},"6":{"start":{"line":31,"column":4},"end":{"line":32,"column":null}},"7":{"start":{"line":32,"column":6},"end":{"line":32,"column":null}},"8":{"start":{"line":40,"column":4},"end":{"line":40,"column":null}},"9":{"start":{"line":49,"column":4},"end":{"line":49,"column":null}},"10":{"start":{"line":52,"column":10},"end":{"line":52,"column":37}},"11":{"start":{"line":53,"column":4},"end":{"line":53,"column":null}},"12":{"start":{"line":54,"column":4},"end":{"line":54,"column":null}},"13":{"start":{"line":57,"column":4},"end":{"line":67,"column":null}},"14":{"start":{"line":58,"column":22},"end":{"line":58,"column":58}},"15":{"start":{"line":59,"column":6},"end":{"line":59,"column":null}},"16":{"start":{"line":62,"column":6},"end":{"line":62,"column":null}},"17":{"start":{"line":64,"column":6},"end":{"line":66,"column":null}},"18":{"start":{"line":65,"column":8},"end":{"line":65,"column":null}},"19":{"start":{"line":70,"column":10},"end":{"line":70,"column":42}},"20":{"start":{"line":71,"column":4},"end":{"line":71,"column":null}},"21":{"start":{"line":72,"column":4},"end":{"line":72,"column":null}},"22":{"start":{"line":74,"column":4},"end":{"line":74,"column":null}},"23":{"start":{"line":75,"column":4},"end":{"line":75,"column":null}},"24":{"start":{"line":82,"column":4},"end":{"line":84,"column":null}},"25":{"start":{"line":83,"column":6},"end":{"line":83,"column":null}},"26":{"start":{"line":84,"column":6},"end":{"line":84,"column":null}},"27":{"start":{"line":86,"column":4},"end":{"line":86,"column":null}},"28":{"start":{"line":93,"column":4},"end":{"line":93,"column":null}},"29":{"start":{"line":93,"column":21},"end":{"line":93,"column":null}},"30":{"start":{"line":96,"column":4},"end":{"line":96,"column":null}},"31":{"start":{"line":103,"column":4},"end":{"line":103,"column":null}},"32":{"start":{"line":110,"column":4},"end":{"line":110,"column":null}},"33":{"start":{"line":117,"column":4},"end":{"line":117,"column":null}},"34":{"start":{"line":125,"column":4},"end":{"line":126,"column":null}},"35":{"start":{"line":126,"column":6},"end":{"line":126,"column":null}},"36":{"start":{"line":128,"column":4},"end":{"line":128,"column":null}},"37":{"start":{"line":128,"column":21},"end":{"line":128,"column":null}},"38":{"start":{"line":137,"column":2},"end":{"line":137,"column":null}},"39":{"start":{"line":144,"column":2},"end":{"line":144,"column":null}},"40":{"start":{"line":153,"column":16},"end":{"line":153,"column":32}},"41":{"start":{"line":154,"column":26},"end":{"line":154,"column":28}},"42":{"start":{"line":156,"column":8},"end":{"line":156,"column":40}},"43":{"start":{"line":157,"column":2},"end":{"line":157,"column":null}},"44":{"start":{"line":158,"column":22},"end":{"line":158,"column":40}},"45":{"start":{"line":161,"column":2},"end":{"line":163,"column":null}},"46":{"start":{"line":162,"column":4},"end":{"line":162,"column":null}},"47":{"start":{"line":165,"column":2},"end":{"line":165,"column":null}},"48":{"start":{"line":166,"column":2},"end":{"line":166,"column":null}},"49":{"start":{"line":169,"column":2},"end":{"line":169,"column":null}},"50":{"start":{"line":169,"column":31},"end":{"line":169,"column":55}},"51":{"start":{"line":171,"column":2},"end":{"line":171,"column":null}},"52":{"start":{"line":172,"column":2},"end":{"line":172,"column":null}}},"fnMap":{"0":{"name":"(anonymous_0)","decl":{"start":{"line":29,"column":2},"end":{"line":29,"column":14}},"loc":{"start":{"line":29,"column":54},"end":{"line":32,"column":null}},"line":29},"1":{"name":"(anonymous_1)","decl":{"start":{"line":39,"column":2},"end":{"line":39,"column":25}},"loc":{"start":{"line":39,"column":25},"end":{"line":40,"column":null}},"line":39},"2":{"name":"(anonymous_2)","decl":{"start":{"line":47,"column":8},"end":{"line":47,"column":13}},"loc":{"start":{"line":47,"column":44},"end":{"line":75,"column":null}},"line":47},"3":{"name":"(anonymous_3)","decl":{"start":{"line":57,"column":18},"end":{"line":57,"column":33}},"loc":{"start":{"line":57,"column":152},"end":{"line":67,"column":null}},"line":57},"4":{"name":"(anonymous_4)","decl":{"start":{"line":64,"column":14},"end":{"line":64,"column":29}},"loc":{"start":{"line":64,"column":29},"end":{"line":66,"column":null}},"line":64},"5":{"name":"(anonymous_5)","decl":{"start":{"line":81,"column":8},"end":{"line":81,"column":31}},"loc":{"start":{"line":81,"column":31},"end":{"line":86,"column":null}},"line":81},"6":{"name":"(anonymous_6)","decl":{"start":{"line":92,"column":8},"end":{"line":92,"column":16}},"loc":{"start":{"line":92,"column":56},"end":{"line":96,"column":null}},"line":92},"7":{"name":"(anonymous_7)","decl":{"start":{"line":102,"column":8},"end":{"line":102,"column":19}},"loc":{"start":{"line":102,"column":59},"end":{"line":103,"column":null}},"line":102},"8":{"name":"(anonymous_8)","decl":{"start":{"line":109,"column":2},"end":{"line":109,"column":34}},"loc":{"start":{"line":109,"column":34},"end":{"line":110,"column":null}},"line":109},"9":{"name":"(anonymous_9)","decl":{"start":{"line":116,"column":2},"end":{"line":116,"column":25}},"loc":{"start":{"line":116,"column":25},"end":{"line":117,"column":null}},"line":116},"10":{"name":"(anonymous_10)","decl":{"start":{"line":123,"column":8},"end":{"line":123,"column":35}},"loc":{"start":{"line":123,"column":35},"end":{"line":128,"column":null}},"line":123},"11":{"name":"createSyncPeer","decl":{"start":{"line":136,"column":16},"end":{"line":136,"column":31}},"loc":{"start":{"line":136,"column":81},"end":{"line":137,"column":null}},"line":136},"12":{"name":"connectToPeer","decl":{"start":{"line":143,"column":22},"end":{"line":143,"column":36}},"loc":{"start":{"line":143,"column":97},"end":{"line":144,"column":null}},"line":143},"13":{"name":"discoverPeers","decl":{"start":{"line":151,"column":22},"end":{"line":151,"column":36}},"loc":{"start":{"line":151,"column":70},"end":{"line":172,"column":null}},"line":151},"14":{"name":"(anonymous_14)","decl":{"start":{"line":161,"column":11},"end":{"line":161,"column":26}},"loc":{"start":{"line":161,"column":64},"end":{"line":163,"column":null}},"line":161},"15":{"name":"(anonymous_15)","decl":{"start":{"line":169,"column":12},"end":{"line":169,"column":20}},"loc":{"start":{"line":169,"column":31},"end":{"line":169,"column":55}},"line":169}},"branchMap":{"0":{"loc":{"start":{"line":31,"column":4},"end":{"line":32,"column":null}},"type":"if","locations":[{"start":{"line":31,"column":4},"end":{"line":32,"column":null}},{"start":{},"end":{}}],"line":31},"1":{"loc":{"start":{"line":71,"column":21},"end":{"line":71,"column":50}},"type":"binary-expr","locations":[{"start":{"line":71,"column":21},"end":{"line":71,"column":30}},{"start":{"line":71,"column":30},"end":{"line":71,"column":50}}],"line":71},"2":{"loc":{"start":{"line":82,"column":4},"end":{"line":84,"column":null}},"type":"if","locations":[{"start":{"line":82,"column":4},"end":{"line":84,"column":null}},{"start":{},"end":{}}],"line":82},"3":{"loc":{"start":{"line":93,"column":4},"end":{"line":93,"column":null}},"type":"if","locations":[{"start":{"line":93,"column":4},"end":{"line":93,"column":null}},{"start":{},"end":{}}],"line":93},"4":{"loc":{"start":{"line":125,"column":4},"end":{"line":126,"column":null}},"type":"if","locations":[{"start":{"line":125,"column":4},"end":{"line":126,"column":null}},{"start":{},"end":{}}],"line":125},"5":{"loc":{"start":{"line":128,"column":4},"end":{"line":128,"column":null}},"type":"if","locations":[{"start":{"line":128,"column":4},"end":{"line":128,"column":null}},{"start":{},"end":{}}],"line":128}},"s":{"0":21,"1":21,"2":21,"3":21,"4":21,"5":21,"6":21,"7":0,"8":4,"9":20,"10":20,"11":20,"12":20,"13":20,"14":2,"15":2,"16":2,"17":2,"18":1,"19":20,"20":20,"21":20,"22":20,"23":20,"24":20,"25":20,"26":20,"27":20,"28":11,"29":1,"30":10,"31":3,"32":7,"33":3,"34":2,"35":1,"36":1,"37":1,"38":21,"39":1,"40":2,"41":2,"42":2,"43":2,"44":2,"45":2,"46":0,"47":2,"48":2,"49":2,"50":2,"51":2,"52":2},"f":{"0":21,"1":4,"2":20,"3":2,"4":1,"5":20,"6":11,"7":3,"8":7,"9":3,"10":2,"11":21,"12":1,"13":2,"14":0,"15":2},"b":{"0":[0,21],"1":[20,20],"2":[20,0],"3":[1,10],"4":[1,1],"5":[1,0]},"meta":{"lastBranch":6,"lastFunction":16,"lastStatement":53,"seen":{"s:22:37:22:Infinity":0,"s:23:31:23:Infinity":1,"s:25:50:25:59":2,"s:26:40:26:Infinity":3,"s:27:33:27:Infinity":4,"f:29:2:29:14":0,"s:30:4:30:Infinity":5,"b:31:4:32:Infinity:undefined:undefined:undefined:undefined":0,"s:31:4:32:Infinity":6,"s:32:6:32:Infinity":7,"f:39:2:39:25":1,"s:40:4:40:Infinity":8,"f:47:8:47:13":2,"s:49:4:49:Infinity":9,"s:52:10:52:37":10,"s:53:4:53:Infinity":11,"s:54:4:54:Infinity":12,"s:57:4:67:Infinity":13,"f:57:18:57:33":3,"s:58:22:58:58":14,"s:59:6:59:Infinity":15,"s:62:6:62:Infinity":16,"s:64:6:66:Infinity":17,"f:64:14:64:29":4,"s:65:8:65:Infinity":18,"s:70:10:70:42":19,"s:71:4:71:Infinity":20,"b:71:21:71:30:71:30:71:50":1,"s:72:4:72:Infinity":21,"s:74:4:74:Infinity":22,"s:75:4:75:Infinity":23,"f:81:8:81:31":5,"b:82:4:84:Infinity:undefined:undefined:undefined:undefined":2,"s:82:4:84:Infinity":24,"s:83:6:83:Infinity":25,"s:84:6:84:Infinity":26,"s:86:4:86:Infinity":27,"f:92:8:92:16":6,"b:93:4:93:Infinity:undefined:undefined:undefined:undefined":3,"s:93:4:93:Infinity":28,"s:93:21:93:Infinity":29,"s:96:4:96:Infinity":30,"f:102:8:102:19":7,"s:103:4:103:Infinity":31,"f:109:2:109:34":8,"s:110:4:110:Infinity":32,"f:116:2:116:25":9,"s:117:4:117:Infinity":33,"f:123:8:123:35":10,"b:125:4:126:Infinity:undefined:undefined:undefined:undefined":4,"s:125:4:126:Infinity":34,"s:126:6:126:Infinity":35,"b:128:4:128:Infinity:undefined:undefined:undefined:undefined":5,"s:128:4:128:Infinity":36,"s:128:21:128:Infinity":37,"f:136:16:136:31":11,"s:137:2:137:Infinity":38,"f:143:22:143:36":12,"s:144:2:144:Infinity":39,"f:151:22:151:36":13,"s:153:16:153:32":40,"s:154:26:154:28":41,"s:156:8:156:40":42,"s:157:2:157:Infinity":43,"s:158:22:158:40":44,"s:161:2:163:Infinity":45,"f:161:11:161:26":14,"s:162:4:162:Infinity":46,"s:165:2:165:Infinity":47,"s:166:2:166:Infinity":48,"s:169:2:169:Infinity":49,"f:169:12:169:20":15,"s:169:31:169:55":50,"s:171:2:171:Infinity":51,"s:172:2:172:Infinity":52}}}
,"E:\\meshARKade_dev\\hbd\\src\\storage\\hyperbee.ts": {"path":"E:\\meshARKade_dev\\hbd\\src\\storage\\hyperbee.ts","statementMap":{"0":{"start":{"line":21,"column":35},"end":{"line":21,"column":null}},"1":{"start":{"line":22,"column":33},"end":{"line":22,"column":null}},"2":{"start":{"line":23,"column":28},"end":{"line":23,"column":null}},"3":{"start":{"line":24,"column":31},"end":{"line":24,"column":null}},"4":{"start":{"line":28,"column":4},"end":{"line":28,"column":null}},"5":{"start":{"line":35,"column":4},"end":{"line":35,"column":null}},"6":{"start":{"line":42,"column":4},"end":{"line":42,"column":null}},"7":{"start":{"line":49,"column":4},"end":{"line":49,"column":null}},"8":{"start":{"line":59,"column":4},"end":{"line":62,"column":null}},"9":{"start":{"line":69,"column":4},"end":{"line":69,"column":null}},"10":{"start":{"line":69,"column":21},"end":{"line":69,"column":null}},"11":{"start":{"line":72,"column":4},"end":{"line":73,"column":null}},"12":{"start":{"line":73,"column":6},"end":{"line":73,"column":null}},"13":{"start":{"line":77,"column":4},"end":{"line":77,"column":null}},"14":{"start":{"line":78,"column":4},"end":{"line":78,"column":null}},"15":{"start":{"line":81,"column":4},"end":{"line":84,"column":null}},"16":{"start":{"line":85,"column":4},"end":{"line":85,"column":null}},"17":{"start":{"line":88,"column":4},"end":{"line":88,"column":null}},"18":{"start":{"line":89,"column":4},"end":{"line":89,"column":null}},"19":{"start":{"line":96,"column":4},"end":{"line":96,"column":null}},"20":{"start":{"line":97,"column":4},"end":{"line":97,"column":null}},"21":{"start":{"line":98,"column":4},"end":{"line":98,"column":null}},"22":{"start":{"line":105,"column":4},"end":{"line":105,"column":null}},"23":{"start":{"line":105,"column":19},"end":{"line":105,"column":null}},"24":{"start":{"line":107,"column":21},"end":{"line":107,"column":null}},"25":{"start":{"line":110,"column":21},"end":{"line":110,"column":44}},"26":{"start":{"line":111,"column":25},"end":{"line":111,"column":null}},"27":{"start":{"line":114,"column":4},"end":{"line":118,"column":null}},"28":{"start":{"line":116,"column":6},"end":{"line":116,"column":null}},"29":{"start":{"line":118,"column":6},"end":{"line":118,"column":null}},"30":{"start":{"line":122,"column":4},"end":{"line":122,"column":null}},"31":{"start":{"line":125,"column":4},"end":{"line":127,"column":null}},"32":{"start":{"line":126,"column":29},"end":{"line":126,"column":64}},"33":{"start":{"line":127,"column":6},"end":{"line":127,"column":null}},"34":{"start":{"line":131,"column":4},"end":{"line":132,"column":null}},"35":{"start":{"line":132,"column":6},"end":{"line":132,"column":null}},"36":{"start":{"line":140,"column":44},"end":{"line":140,"column":59}},"37":{"start":{"line":143,"column":29},"end":{"line":143,"column":64}},"38":{"start":{"line":144,"column":29},"end":{"line":144,"column":64}},"39":{"start":{"line":145,"column":4},"end":{"line":147,"column":null}},"40":{"start":{"line":146,"column":25},"end":{"line":146,"column":65}},"41":{"start":{"line":147,"column":6},"end":{"line":147,"column":null}},"42":{"start":{"line":151,"column":4},"end":{"line":154,"column":null}},"43":{"start":{"line":152,"column":6},"end":{"line":152,"column":null}},"44":{"start":{"line":152,"column":29},"end":{"line":152,"column":null}},"45":{"start":{"line":153,"column":6},"end":{"line":154,"column":null}},"46":{"start":{"line":154,"column":8},"end":{"line":154,"column":null}},"47":{"start":{"line":158,"column":4},"end":{"line":158,"column":null}},"48":{"start":{"line":165,"column":21},"end":{"line":165,"column":null}},"49":{"start":{"line":166,"column":21},"end":{"line":166,"column":50}},"50":{"start":{"line":169,"column":4},"end":{"line":178,"column":null}},"51":{"start":{"line":171,"column":28},"end":{"line":171,"column":null}},"52":{"start":{"line":172,"column":6},"end":{"line":175,"column":null}},"53":{"start":{"line":173,"column":8},"end":{"line":173,"column":null}},"54":{"start":{"line":175,"column":8},"end":{"line":175,"column":null}},"55":{"start":{"line":178,"column":6},"end":{"line":178,"column":null}},"56":{"start":{"line":181,"column":4},"end":{"line":181,"column":null}},"57":{"start":{"line":188,"column":21},"end":{"line":188,"column":null}},"58":{"start":{"line":189,"column":21},"end":{"line":189,"column":50}},"59":{"start":{"line":192,"column":4},"end":{"line":200,"column":null}},"60":{"start":{"line":193,"column":28},"end":{"line":193,"column":null}},"61":{"start":{"line":194,"column":6},"end":{"line":197,"column":null}},"62":{"start":{"line":195,"column":8},"end":{"line":195,"column":null}},"63":{"start":{"line":197,"column":8},"end":{"line":197,"column":null}},"64":{"start":{"line":200,"column":6},"end":{"line":200,"column":null}},"65":{"start":{"line":203,"column":4},"end":{"line":203,"column":null}},"66":{"start":{"line":210,"column":4},"end":{"line":210,"column":null}},"67":{"start":{"line":210,"column":19},"end":{"line":210,"column":null}},"68":{"start":{"line":211,"column":19},"end":{"line":211,"column":42}},"69":{"start":{"line":212,"column":4},"end":{"line":212,"column":null}},"70":{"start":{"line":219,"column":4},"end":{"line":219,"column":null}},"71":{"start":{"line":219,"column":19},"end":{"line":219,"column":null}},"72":{"start":{"line":221,"column":18},"end":{"line":221,"column":37}},"73":{"start":{"line":224,"column":4},"end":{"line":224,"column":null}},"74":{"start":{"line":227,"column":4},"end":{"line":229,"column":null}},"75":{"start":{"line":228,"column":29},"end":{"line":228,"column":58}},"76":{"start":{"line":229,"column":6},"end":{"line":229,"column":null}},"77":{"start":{"line":233,"column":4},"end":{"line":234,"column":null}},"78":{"start":{"line":234,"column":6},"end":{"line":234,"column":null}},"79":{"start":{"line":242,"column":21},"end":{"line":242,"column":null}},"80":{"start":{"line":243,"column":21},"end":{"line":243,"column":50}},"81":{"start":{"line":245,"column":4},"end":{"line":252,"column":null}},"82":{"start":{"line":246,"column":20},"end":{"line":246,"column":null}},"83":{"start":{"line":247,"column":21},"end":{"line":247,"column":57}},"84":{"start":{"line":247,"column":46},"end":{"line":247,"column":57}},"85":{"start":{"line":249,"column":6},"end":{"line":252,"column":null}},"86":{"start":{"line":250,"column":8},"end":{"line":250,"column":null}},"87":{"start":{"line":252,"column":8},"end":{"line":252,"column":null}},"88":{"start":{"line":261,"column":21},"end":{"line":261,"column":null}},"89":{"start":{"line":262,"column":21},"end":{"line":262,"column":50}},"90":{"start":{"line":264,"column":4},"end":{"line":271,"column":null}},"91":{"start":{"line":265,"column":20},"end":{"line":265,"column":null}},"92":{"start":{"line":266,"column":21},"end":{"line":266,"column":57}},"93":{"start":{"line":266,"column":46},"end":{"line":266,"column":57}},"94":{"start":{"line":268,"column":6},"end":{"line":271,"column":null}},"95":{"start":{"line":269,"column":8},"end":{"line":269,"column":null}},"96":{"start":{"line":271,"column":8},"end":{"line":271,"column":null}},"97":{"start":{"line":280,"column":4},"end":{"line":280,"column":null}},"98":{"start":{"line":280,"column":19},"end":{"line":280,"column":null}},"99":{"start":{"line":281,"column":4},"end":{"line":282,"column":null}},"100":{"start":{"line":282,"column":6},"end":{"line":282,"column":null}},"101":{"start":{"line":290,"column":27},"end":{"line":290,"column":51}},"102":{"start":{"line":291,"column":21},"end":{"line":291,"column":null}},"103":{"start":{"line":292,"column":19},"end":{"line":292,"column":43}},"104":{"start":{"line":294,"column":4},"end":{"line":295,"column":null}},"105":{"start":{"line":295,"column":6},"end":{"line":295,"column":null}},"106":{"start":{"line":297,"column":4},"end":{"line":297,"column":null}},"107":{"start":{"line":304,"column":21},"end":{"line":304,"column":null}},"108":{"start":{"line":305,"column":19},"end":{"line":305,"column":43}},"109":{"start":{"line":307,"column":4},"end":{"line":308,"column":null}},"110":{"start":{"line":308,"column":6},"end":{"line":308,"column":null}},"111":{"start":{"line":310,"column":4},"end":{"line":310,"column":null}},"112":{"start":{"line":318,"column":2},"end":{"line":318,"column":null}}},"fnMap":{"0":{"name":"(anonymous_0)","decl":{"start":{"line":27,"column":2},"end":{"line":27,"column":14}},"loc":{"start":{"line":27,"column":32},"end":{"line":28,"column":null}},"line":27},"1":{"name":"(anonymous_1)","decl":{"start":{"line":34,"column":2},"end":{"line":34,"column":13}},"loc":{"start":{"line":34,"column":32},"end":{"line":35,"column":null}},"line":34},"2":{"name":"(anonymous_2)","decl":{"start":{"line":41,"column":2},"end":{"line":41,"column":23}},"loc":{"start":{"line":41,"column":23},"end":{"line":42,"column":null}},"line":41},"3":{"name":"(anonymous_3)","decl":{"start":{"line":48,"column":2},"end":{"line":48,"column":25}},"loc":{"start":{"line":48,"column":25},"end":{"line":49,"column":null}},"line":48},"4":{"name":"(anonymous_4)","decl":{"start":{"line":58,"column":2},"end":{"line":58,"column":16}},"loc":{"start":{"line":58,"column":38},"end":{"line":62,"column":null}},"line":58},"5":{"name":"(anonymous_5)","decl":{"start":{"line":68,"column":8},"end":{"line":68,"column":30}},"loc":{"start":{"line":68,"column":30},"end":{"line":89,"column":null}},"line":68},"6":{"name":"(anonymous_6)","decl":{"start":{"line":95,"column":8},"end":{"line":95,"column":31}},"loc":{"start":{"line":95,"column":31},"end":{"line":98,"column":null}},"line":95},"7":{"name":"(anonymous_7)","decl":{"start":{"line":104,"column":8},"end":{"line":104,"column":12}},"loc":{"start":{"line":104,"column":56},"end":{"line":132,"column":null}},"line":104},"8":{"name":"(anonymous_8)","decl":{"start":{"line":139,"column":2},"end":{"line":139,"column":10}},"loc":{"start":{"line":139,"column":118},"end":{"line":158,"column":null}},"line":139},"9":{"name":"(anonymous_9)","decl":{"start":{"line":164,"column":16},"end":{"line":164,"column":32}},"loc":{"start":{"line":164,"column":85},"end":{"line":181,"column":null}},"line":164},"10":{"name":"(anonymous_10)","decl":{"start":{"line":187,"column":16},"end":{"line":187,"column":33}},"loc":{"start":{"line":187,"column":77},"end":{"line":203,"column":null}},"line":187},"11":{"name":"(anonymous_11)","decl":{"start":{"line":209,"column":8},"end":{"line":209,"column":12}},"loc":{"start":{"line":209,"column":50},"end":{"line":212,"column":null}},"line":209},"12":{"name":"(anonymous_12)","decl":{"start":{"line":218,"column":8},"end":{"line":218,"column":12}},"loc":{"start":{"line":218,"column":40},"end":{"line":234,"column":null}},"line":218},"13":{"name":"(anonymous_13)","decl":{"start":{"line":241,"column":16},"end":{"line":241,"column":36}},"loc":{"start":{"line":241,"column":89},"end":{"line":252,"column":null}},"line":241},"14":{"name":"(anonymous_14)","decl":{"start":{"line":247,"column":34},"end":{"line":247,"column":41}},"loc":{"start":{"line":247,"column":46},"end":{"line":247,"column":57}},"line":247},"15":{"name":"(anonymous_15)","decl":{"start":{"line":260,"column":16},"end":{"line":260,"column":37}},"loc":{"start":{"line":260,"column":81},"end":{"line":271,"column":null}},"line":260},"16":{"name":"(anonymous_16)","decl":{"start":{"line":266,"column":34},"end":{"line":266,"column":41}},"loc":{"start":{"line":266,"column":46},"end":{"line":266,"column":57}},"line":266},"17":{"name":"(anonymous_17)","decl":{"start":{"line":279,"column":9},"end":{"line":279,"column":54}},"loc":{"start":{"line":279,"column":54},"end":{"line":282,"column":null}},"line":279},"18":{"name":"(anonymous_18)","decl":{"start":{"line":289,"column":8},"end":{"line":289,"column":19}},"loc":{"start":{"line":289,"column":52},"end":{"line":297,"column":null}},"line":289},"19":{"name":"(anonymous_19)","decl":{"start":{"line":303,"column":8},"end":{"line":303,"column":20}},"loc":{"start":{"line":303,"column":54},"end":{"line":310,"column":null}},"line":303},"20":{"name":"createMetadataStore","decl":{"start":{"line":317,"column":16},"end":{"line":317,"column":36}},"loc":{"start":{"line":317,"column":69},"end":{"line":318,"column":null}},"line":317}},"branchMap":{"0":{"loc":{"start":{"line":28,"column":20},"end":{"line":28,"column":null}},"type":"binary-expr","locations":[{"start":{"line":28,"column":20},"end":{"line":28,"column":31}},{"start":{"line":28,"column":31},"end":{"line":28,"column":null}}],"line":28},"1":{"loc":{"start":{"line":69,"column":4},"end":{"line":69,"column":null}},"type":"if","locations":[{"start":{"line":69,"column":4},"end":{"line":69,"column":null}},{"start":{},"end":{}}],"line":69},"2":{"loc":{"start":{"line":72,"column":4},"end":{"line":73,"column":null}},"type":"if","locations":[{"start":{"line":72,"column":4},"end":{"line":73,"column":null}},{"start":{},"end":{}}],"line":72},"3":{"loc":{"start":{"line":105,"column":4},"end":{"line":105,"column":null}},"type":"if","locations":[{"start":{"line":105,"column":4},"end":{"line":105,"column":null}},{"start":{},"end":{}}],"line":105},"4":{"loc":{"start":{"line":114,"column":4},"end":{"line":118,"column":null}},"type":"if","locations":[{"start":{"line":114,"column":4},"end":{"line":118,"column":null}},{"start":{"line":117,"column":11},"end":{"line":118,"column":null}}],"line":114},"5":{"loc":{"start":{"line":125,"column":4},"end":{"line":127,"column":null}},"type":"if","locations":[{"start":{"line":125,"column":4},"end":{"line":127,"column":null}},{"start":{},"end":{}}],"line":125},"6":{"loc":{"start":{"line":125,"column":8},"end":{"line":125,"column":64}},"type":"binary-expr","locations":[{"start":{"line":125,"column":8},"end":{"line":125,"column":27}},{"start":{"line":125,"column":27},"end":{"line":125,"column":64}}],"line":125},"7":{"loc":{"start":{"line":131,"column":4},"end":{"line":132,"column":null}},"type":"if","locations":[{"start":{"line":131,"column":4},"end":{"line":132,"column":null}},{"start":{},"end":{}}],"line":131},"8":{"loc":{"start":{"line":131,"column":8},"end":{"line":131,"column":66}},"type":"binary-expr","locations":[{"start":{"line":131,"column":8},"end":{"line":131,"column":28}},{"start":{"line":131,"column":28},"end":{"line":131,"column":66}}],"line":131},"9":{"loc":{"start":{"line":143,"column":29},"end":{"line":143,"column":64}},"type":"binary-expr","locations":[{"start":{"line":143,"column":29},"end":{"line":143,"column":62}},{"start":{"line":143,"column":62},"end":{"line":143,"column":64}}],"line":143},"10":{"loc":{"start":{"line":144,"column":29},"end":{"line":144,"column":64}},"type":"binary-expr","locations":[{"start":{"line":144,"column":29},"end":{"line":144,"column":62}},{"start":{"line":144,"column":62},"end":{"line":144,"column":64}}],"line":144},"11":{"loc":{"start":{"line":145,"column":4},"end":{"line":147,"column":null}},"type":"if","locations":[{"start":{"line":145,"column":4},"end":{"line":147,"column":null}},{"start":{},"end":{}}],"line":145},"12":{"loc":{"start":{"line":152,"column":6},"end":{"line":152,"column":null}},"type":"if","locations":[{"start":{"line":152,"column":6},"end":{"line":152,"column":null}},{"start":{},"end":{}}],"line":152},"13":{"loc":{"start":{"line":153,"column":6},"end":{"line":154,"column":null}},"type":"if","locations":[{"start":{"line":153,"column":6},"end":{"line":154,"column":null}},{"start":{},"end":{}}],"line":153},"14":{"loc":{"start":{"line":153,"column":10},"end":{"line":153,"column":65}},"type":"binary-expr","locations":[{"start":{"line":153,"column":10},"end":{"line":153,"column":33}},{"start":{"line":153,"column":33},"end":{"line":153,"column":51}},{"start":{"line":153,"column":51},"end":{"line":153,"column":65}}],"line":153},"15":{"loc":{"start":{"line":169,"column":4},"end":{"line":178,"column":null}},"type":"if","locations":[{"start":{"line":169,"column":4},"end":{"line":178,"column":null}},{"start":{"line":177,"column":11},"end":{"line":178,"column":null}}],"line":169},"16":{"loc":{"start":{"line":172,"column":6},"end":{"line":175,"column":null}},"type":"if","locations":[{"start":{"line":172,"column":6},"end":{"line":175,"column":null}},{"start":{"line":174,"column":13},"end":{"line":175,"column":null}}],"line":172},"17":{"loc":{"start":{"line":192,"column":4},"end":{"line":200,"column":null}},"type":"if","locations":[{"start":{"line":192,"column":4},"end":{"line":200,"column":null}},{"start":{"line":199,"column":11},"end":{"line":200,"column":null}}],"line":192},"18":{"loc":{"start":{"line":194,"column":6},"end":{"line":197,"column":null}},"type":"if","locations":[{"start":{"line":194,"column":6},"end":{"line":197,"column":null}},{"start":{"line":196,"column":13},"end":{"line":197,"column":null}}],"line":194},"19":{"loc":{"start":{"line":210,"column":4},"end":{"line":210,"column":null}},"type":"if","locations":[{"start":{"line":210,"column":4},"end":{"line":210,"column":null}},{"start":{},"end":{}}],"line":210},"20":{"loc":{"start":{"line":212,"column":11},"end":{"line":212,"column":null}},"type":"binary-expr","locations":[{"start":{"line":212,"column":11},"end":{"line":212,"column":28}},{"start":{"line":212,"column":28},"end":{"line":212,"column":null}}],"line":212},"21":{"loc":{"start":{"line":219,"column":4},"end":{"line":219,"column":null}},"type":"if","locations":[{"start":{"line":219,"column":4},"end":{"line":219,"column":null}},{"start":{},"end":{}}],"line":219},"22":{"loc":{"start":{"line":227,"column":4},"end":{"line":229,"column":null}},"type":"if","locations":[{"start":{"line":227,"column":4},"end":{"line":229,"column":null}},{"start":{},"end":{}}],"line":227},"23":{"loc":{"start":{"line":227,"column":8},"end":{"line":227,"column":53}},"type":"binary-expr","locations":[{"start":{"line":227,"column":8},"end":{"line":227,"column":22}},{"start":{"line":227,"column":22},"end":{"line":227,"column":53}}],"line":227},"24":{"loc":{"start":{"line":233,"column":4},"end":{"line":234,"column":null}},"type":"if","locations":[{"start":{"line":233,"column":4},"end":{"line":234,"column":null}},{"start":{},"end":{}}],"line":233},"25":{"loc":{"start":{"line":233,"column":8},"end":{"line":233,"column":55}},"type":"binary-expr","locations":[{"start":{"line":233,"column":8},"end":{"line":233,"column":23}},{"start":{"line":233,"column":23},"end":{"line":233,"column":55}}],"line":233},"26":{"loc":{"start":{"line":245,"column":4},"end":{"line":252,"column":null}},"type":"if","locations":[{"start":{"line":245,"column":4},"end":{"line":252,"column":null}},{"start":{},"end":{}}],"line":245},"27":{"loc":{"start":{"line":249,"column":6},"end":{"line":252,"column":null}},"type":"if","locations":[{"start":{"line":249,"column":6},"end":{"line":252,"column":null}},{"start":{"line":251,"column":13},"end":{"line":252,"column":null}}],"line":249},"28":{"loc":{"start":{"line":264,"column":4},"end":{"line":271,"column":null}},"type":"if","locations":[{"start":{"line":264,"column":4},"end":{"line":271,"column":null}},{"start":{},"end":{}}],"line":264},"29":{"loc":{"start":{"line":268,"column":6},"end":{"line":271,"column":null}},"type":"if","locations":[{"start":{"line":268,"column":6},"end":{"line":271,"column":null}},{"start":{"line":270,"column":13},"end":{"line":271,"column":null}}],"line":268},"30":{"loc":{"start":{"line":280,"column":4},"end":{"line":280,"column":null}},"type":"if","locations":[{"start":{"line":280,"column":4},"end":{"line":280,"column":null}},{"start":{},"end":{}}],"line":280},"31":{"loc":{"start":{"line":294,"column":4},"end":{"line":295,"column":null}},"type":"if","locations":[{"start":{"line":294,"column":4},"end":{"line":295,"column":null}},{"start":{},"end":{}}],"line":294},"32":{"loc":{"start":{"line":294,"column":8},"end":{"line":294,"column":68}},"type":"binary-expr","locations":[{"start":{"line":294,"column":8},"end":{"line":294,"column":18}},{"start":{"line":294,"column":18},"end":{"line":294,"column":48}},{"start":{"line":294,"column":48},"end":{"line":294,"column":68}}],"line":294},"33":{"loc":{"start":{"line":307,"column":4},"end":{"line":308,"column":null}},"type":"if","locations":[{"start":{"line":307,"column":4},"end":{"line":308,"column":null}},{"start":{},"end":{}}],"line":307},"34":{"loc":{"start":{"line":307,"column":8},"end":{"line":307,"column":68}},"type":"binary-expr","locations":[{"start":{"line":307,"column":8},"end":{"line":307,"column":18}},{"start":{"line":307,"column":18},"end":{"line":307,"column":48}},{"start":{"line":307,"column":48},"end":{"line":307,"column":68}}],"line":307}},"s":{"0":48,"1":48,"2":48,"3":48,"4":48,"5":1,"6":1,"7":3,"8":54,"9":50,"10":7,"11":43,"12":43,"13":43,"14":43,"15":43,"16":43,"17":43,"18":43,"19":43,"20":43,"21":43,"22":46,"23":1,"24":45,"25":45,"26":45,"27":46,"28":6,"29":39,"30":45,"31":45,"32":37,"33":37,"34":45,"35":10,"36":6,"37":6,"38":6,"39":6,"40":2,"41":2,"42":6,"43":15,"44":2,"45":13,"46":13,"47":6,"48":37,"49":37,"50":37,"51":7,"52":7,"53":2,"54":5,"55":30,"56":37,"57":10,"58":10,"59":10,"60":3,"61":3,"62":2,"63":1,"64":7,"65":10,"66":35,"67":1,"68":34,"69":34,"70":7,"71":1,"72":6,"73":6,"74":6,"75":4,"76":4,"77":6,"78":1,"79":4,"80":4,"81":4,"82":4,"83":4,"84":4,"85":4,"86":0,"87":4,"88":1,"89":1,"90":1,"91":1,"92":1,"93":1,"94":1,"95":0,"96":1,"97":5,"98":1,"99":4,"100":13,"101":7,"102":7,"103":7,"104":7,"105":4,"106":3,"107":5,"108":5,"109":5,"110":2,"111":3,"112":48},"f":{"0":48,"1":1,"2":1,"3":3,"4":54,"5":50,"6":43,"7":46,"8":6,"9":37,"10":10,"11":35,"12":7,"13":4,"14":4,"15":1,"16":1,"17":5,"18":7,"19":5,"20":48},"b":{"0":[48,1],"1":[7,43],"2":[43,0],"3":[1,45],"4":[6,39],"5":[37,8],"6":[45,37],"7":[10,35],"8":[45,10],"9":[6,4],"10":[6,4],"11":[2,4],"12":[2,13],"13":[13,0],"14":[13,13,13],"15":[7,30],"16":[2,5],"17":[3,7],"18":[2,1],"19":[1,34],"20":[34,9],"21":[1,6],"22":[4,2],"23":[6,4],"24":[1,5],"25":[6,1],"26":[4,0],"27":[0,4],"28":[1,0],"29":[0,1],"30":[1,4],"31":[4,3],"32":[7,5,5],"33":[2,3],"34":[5,3,3]},"meta":{"lastBranch":35,"lastFunction":21,"lastStatement":113,"seen":{"s:21:35:21:Infinity":0,"s:22:33:22:Infinity":1,"s:23:28:23:Infinity":2,"s:24:31:24:Infinity":3,"f:27:2:27:14":0,"s:28:4:28:Infinity":4,"b:28:20:28:31:28:31:28:Infinity":0,"f:34:2:34:13":1,"s:35:4:35:Infinity":5,"f:41:2:41:23":2,"s:42:4:42:Infinity":6,"f:48:2:48:25":3,"s:49:4:49:Infinity":7,"f:58:2:58:16":4,"s:59:4:62:Infinity":8,"f:68:8:68:30":5,"b:69:4:69:Infinity:undefined:undefined:undefined:undefined":1,"s:69:4:69:Infinity":9,"s:69:21:69:Infinity":10,"b:72:4:73:Infinity:undefined:undefined:undefined:undefined":2,"s:72:4:73:Infinity":11,"s:73:6:73:Infinity":12,"s:77:4:77:Infinity":13,"s:78:4:78:Infinity":14,"s:81:4:84:Infinity":15,"s:85:4:85:Infinity":16,"s:88:4:88:Infinity":17,"s:89:4:89:Infinity":18,"f:95:8:95:31":6,"s:96:4:96:Infinity":19,"s:97:4:97:Infinity":20,"s:98:4:98:Infinity":21,"f:104:8:104:12":7,"b:105:4:105:Infinity:undefined:undefined:undefined:undefined":3,"s:105:4:105:Infinity":22,"s:105:19:105:Infinity":23,"s:107:21:107:Infinity":24,"s:110:21:110:44":25,"s:111:25:111:Infinity":26,"b:114:4:118:Infinity:117:11:118:Infinity":4,"s:114:4:118:Infinity":27,"s:116:6:116:Infinity":28,"s:118:6:118:Infinity":29,"s:122:4:122:Infinity":30,"b:125:4:127:Infinity:undefined:undefined:undefined:undefined":5,"s:125:4:127:Infinity":31,"b:125:8:125:27:125:27:125:64":6,"s:126:29:126:64":32,"s:127:6:127:Infinity":33,"b:131:4:132:Infinity:undefined:undefined:undefined:undefined":7,"s:131:4:132:Infinity":34,"b:131:8:131:28:131:28:131:66":8,"s:132:6:132:Infinity":35,"f:139:2:139:10":8,"s:140:44:140:59":36,"s:143:29:143:64":37,"b:143:29:143:62:143:62:143:64":9,"s:144:29:144:64":38,"b:144:29:144:62:144:62:144:64":10,"b:145:4:147:Infinity:undefined:undefined:undefined:undefined":11,"s:145:4:147:Infinity":39,"s:146:25:146:65":40,"s:147:6:147:Infinity":41,"s:151:4:154:Infinity":42,"b:152:6:152:Infinity:undefined:undefined:undefined:undefined":12,"s:152:6:152:Infinity":43,"s:152:29:152:Infinity":44,"b:153:6:154:Infinity:undefined:undefined:undefined:undefined":13,"s:153:6:154:Infinity":45,"b:153:10:153:33:153:33:153:51:153:51:153:65":14,"s:154:8:154:Infinity":46,"s:158:4:158:Infinity":47,"f:164:16:164:32":9,"s:165:21:165:Infinity":48,"s:166:21:166:50":49,"b:169:4:178:Infinity:177:11:178:Infinity":15,"s:169:4:178:Infinity":50,"s:171:28:171:Infinity":51,"b:172:6:175:Infinity:174:13:175:Infinity":16,"s:172:6:175:Infinity":52,"s:173:8:173:Infinity":53,"s:175:8:175:Infinity":54,"s:178:6:178:Infinity":55,"s:181:4:181:Infinity":56,"f:187:16:187:33":10,"s:188:21:188:Infinity":57,"s:189:21:189:50":58,"b:192:4:200:Infinity:199:11:200:Infinity":17,"s:192:4:200:Infinity":59,"s:193:28:193:Infinity":60,"b:194:6:197:Infinity:196:13:197:Infinity":18,"s:194:6:197:Infinity":61,"s:195:8:195:Infinity":62,"s:197:8:197:Infinity":63,"s:200:6:200:Infinity":64,"s:203:4:203:Infinity":65,"f:209:8:209:12":11,"b:210:4:210:Infinity:undefined:undefined:undefined:undefined":19,"s:210:4:210:Infinity":66,"s:210:19:210:Infinity":67,"s:211:19:211:42":68,"s:212:4:212:Infinity":69,"b:212:11:212:28:212:28:212:Infinity":20,"f:218:8:218:12":12,"b:219:4:219:Infinity:undefined:undefined:undefined:undefined":21,"s:219:4:219:Infinity":70,"s:219:19:219:Infinity":71,"s:221:18:221:37":72,"s:224:4:224:Infinity":73,"b:227:4:229:Infinity:undefined:undefined:undefined:undefined":22,"s:227:4:229:Infinity":74,"b:227:8:227:22:227:22:227:53":23,"s:228:29:228:58":75,"s:229:6:229:Infinity":76,"b:233:4:234:Infinity:undefined:undefined:undefined:undefined":24,"s:233:4:234:Infinity":77,"b:233:8:233:23:233:23:233:55":25,"s:234:6:234:Infinity":78,"f:241:16:241:36":13,"s:242:21:242:Infinity":79,"s:243:21:243:50":80,"b:245:4:252:Infinity:undefined:undefined:undefined:undefined":26,"s:245:4:252:Infinity":81,"s:246:20:246:Infinity":82,"s:247:21:247:57":83,"f:247:34:247:41":14,"s:247:46:247:57":84,"b:249:6:252:Infinity:251:13:252:Infinity":27,"s:249:6:252:Infinity":85,"s:250:8:250:Infinity":86,"s:252:8:252:Infinity":87,"f:260:16:260:37":15,"s:261:21:261:Infinity":88,"s:262:21:262:50":89,"b:264:4:271:Infinity:undefined:undefined:undefined:undefined":28,"s:264:4:271:Infinity":90,"s:265:20:265:Infinity":91,"s:266:21:266:57":92,"f:266:34:266:41":16,"s:266:46:266:57":93,"b:268:6:271:Infinity:270:13:271:Infinity":29,"s:268:6:271:Infinity":94,"s:269:8:269:Infinity":95,"s:271:8:271:Infinity":96,"f:279:9:279:54":17,"b:280:4:280:Infinity:undefined:undefined:undefined:undefined":30,"s:280:4:280:Infinity":97,"s:280:19:280:Infinity":98,"s:281:4:282:Infinity":99,"s:282:6:282:Infinity":100,"f:289:8:289:19":18,"s:290:27:290:51":101,"s:291:21:291:Infinity":102,"s:292:19:292:43":103,"b:294:4:295:Infinity:undefined:undefined:undefined:undefined":31,"s:294:4:295:Infinity":104,"b:294:8:294:18:294:18:294:48:294:48:294:68":32,"s:295:6:295:Infinity":105,"s:297:4:297:Infinity":106,"f:303:8:303:20":19,"s:304:21:304:Infinity":107,"s:305:19:305:43":108,"b:307:4:308:Infinity:undefined:undefined:undefined:undefined":33,"s:307:4:308:Infinity":109,"b:307:8:307:18:307:18:307:48:307:48:307:68":34,"s:308:6:308:Infinity":110,"s:310:4:310:Infinity":111,"f:317:16:317:36":20,"s:318:2:318:Infinity":112}}}
}
